2026-05-03 23:17:26,662 - INFO - Using config: configs/config_dual_concat.yaml
2026-05-03 23:17:26,685 - INFO - Using device: cuda
2026-05-03 23:17:26,692 - INFO - GPU name: NVIDIA GeForce RTX 3060 Laptop GPU
2026-05-03 23:17:26,692 - INFO - CUDA version: 11.8
2026-05-03 23:17:29,253 - INFO - Train samples: 84000
2026-05-03 23:17:29,253 - INFO - Val samples: 18000
2026-05-03 23:17:29,335 - INFO - Model device: cuda:0
2026-05-03 23:17:29,335 - INFO - Experiment mode: dual
2026-05-03 23:17:29,335 - INFO - Fusion type: concat
2026-05-03 23:17:29,335 - INFO - Use positional encoding: True
2026-05-03 23:17:29,346 - INFO - Checkpoint dir: checkpoints/dual_concat
2026-05-03 23:21:33,956 - INFO - Using config: configs/config_dual_concat.yaml
2026-05-03 23:21:33,983 - INFO - Using device: cuda
2026-05-03 23:21:33,990 - INFO - GPU name: NVIDIA GeForce RTX 3060 Laptop GPU
2026-05-03 23:21:33,990 - INFO - CUDA version: 11.8
2026-05-03 23:21:36,756 - INFO - Train samples: 84000
2026-05-03 23:21:36,756 - INFO - Val samples: 18000
2026-05-03 23:21:36,845 - INFO - Model device: cuda:0
2026-05-03 23:21:36,845 - INFO - Experiment mode: dual
2026-05-03 23:21:36,845 - INFO - Fusion type: concat
2026-05-03 23:21:36,845 - INFO - Use positional encoding: True
2026-05-03 23:21:36,845 - INFO - Checkpoint dir: checkpoints/dual_concat
2026-05-04 13:22:31,219 - INFO - Using config: configs/config_dual_concat.yaml
2026-05-04 13:22:31,243 - INFO - Using device: cuda
2026-05-04 13:22:31,251 - INFO - GPU name: NVIDIA GeForce RTX 3060 Laptop GPU
2026-05-04 13:22:31,251 - INFO - CUDA version: 11.8
2026-05-04 13:22:33,669 - INFO - Train samples: 84000
2026-05-04 13:22:33,670 - INFO - Val samples: 18000
2026-05-04 13:22:33,783 - INFO - Model device: cuda:0
2026-05-04 13:22:33,783 - INFO - Experiment mode: dual
2026-05-04 13:22:33,783 - INFO - Fusion type: concat
2026-05-04 13:22:33,783 - INFO - Use positional encoding: True
2026-05-04 13:22:33,784 - INFO - Checkpoint dir: checkpoints/dual_concat
2026-05-04 13:25:42,933 - INFO - Epoch 1/30 | train_loss=0.3252 | val_loss=0.0877 | val_acc=0.9587 | val_f1=0.9495
2026-05-04 13:25:42,984 - INFO - Best model updated. best_f1=0.9495
2026-05-04 13:29:23,749 - INFO - Epoch 2/30 | train_loss=0.1033 | val_loss=0.0714 | val_acc=0.9692 | val_f1=0.9636
2026-05-04 13:29:23,802 - INFO - Best model updated. best_f1=0.9636
2026-05-04 13:33:35,910 - INFO - Epoch 3/30 | train_loss=0.0872 | val_loss=0.0633 | val_acc=0.9719 | val_f1=0.9664
2026-05-04 13:33:35,954 - INFO - Best model updated. best_f1=0.9664
2026-05-04 13:38:15,632 - INFO - Epoch 4/30 | train_loss=0.0730 | val_loss=0.0538 | val_acc=0.9771 | val_f1=0.9726
2026-05-04 13:38:15,686 - INFO - Best model updated. best_f1=0.9726
2026-05-04 13:43:28,689 - INFO - Epoch 5/30 | train_loss=0.0610 | val_loss=0.0559 | val_acc=0.9756 | val_f1=0.9709
2026-05-04 13:48:45,888 - INFO - Epoch 6/30 | train_loss=0.0533 | val_loss=0.0409 | val_acc=0.9830 | val_f1=0.9796
2026-05-04 13:48:45,932 - INFO - Best model updated. best_f1=0.9796
2026-05-04 13:54:11,292 - INFO - Epoch 7/30 | train_loss=0.0474 | val_loss=0.0529 | val_acc=0.9803 | val_f1=0.9772
2026-05-04 13:59:37,529 - INFO - Epoch 8/30 | train_loss=0.0426 | val_loss=0.0350 | val_acc=0.9859 | val_f1=0.9834
2026-05-04 13:59:37,579 - INFO - Best model updated. best_f1=0.9834
2026-05-04 14:05:03,123 - INFO - Epoch 9/30 | train_loss=0.0403 | val_loss=0.0400 | val_acc=0.9839 | val_f1=0.9806
2026-05-04 14:10:07,792 - INFO - Epoch 10/30 | train_loss=0.0378 | val_loss=0.0523 | val_acc=0.9762 | val_f1=0.9721
2026-05-04 14:14:52,000 - INFO - Epoch 11/30 | train_loss=0.0267 | val_loss=0.0253 | val_acc=0.9910 | val_f1=0.9892
2026-05-04 14:14:52,047 - INFO - Best model updated. best_f1=0.9892
2026-05-04 14:20:03,380 - INFO - Epoch 12/30 | train_loss=0.0248 | val_loss=0.0242 | val_acc=0.9916 | val_f1=0.9900
2026-05-04 14:20:03,444 - INFO - Best model updated. best_f1=0.9900
2026-05-04 14:25:29,452 - INFO - Epoch 13/30 | train_loss=0.0243 | val_loss=0.0235 | val_acc=0.9918 | val_f1=0.9902
2026-05-04 14:25:29,501 - INFO - Best model updated. best_f1=0.9902
2026-05-04 14:30:30,478 - INFO - Epoch 14/30 | train_loss=0.0222 | val_loss=0.0238 | val_acc=0.9904 | val_f1=0.9886
2026-05-04 14:35:48,988 - INFO - Epoch 15/30 | train_loss=0.0221 | val_loss=0.0249 | val_acc=0.9915 | val_f1=0.9899
2026-05-04 14:41:14,420 - INFO - Epoch 16/30 | train_loss=0.0214 | val_loss=0.0217 | val_acc=0.9923 | val_f1=0.9908
2026-05-04 14:41:14,471 - INFO - Best model updated. best_f1=0.9908
2026-05-04 14:46:40,136 - INFO - Epoch 17/30 | train_loss=0.0208 | val_loss=0.0215 | val_acc=0.9912 | val_f1=0.9895
2026-05-04 14:52:05,200 - INFO - Epoch 18/30 | train_loss=0.0205 | val_loss=0.0223 | val_acc=0.9919 | val_f1=0.9904
2026-05-04 14:57:30,619 - INFO - Epoch 19/30 | train_loss=0.0205 | val_loss=0.0212 | val_acc=0.9924 | val_f1=0.9910
2026-05-04 14:57:30,669 - INFO - Best model updated. best_f1=0.9910
2026-05-04 15:02:56,444 - INFO - Epoch 20/30 | train_loss=0.0200 | val_loss=0.0185 | val_acc=0.9928 | val_f1=0.9913
2026-05-04 15:02:56,491 - INFO - Best model updated. best_f1=0.9913
2026-05-04 15:08:22,327 - INFO - Epoch 21/30 | train_loss=0.0151 | val_loss=0.0163 | val_acc=0.9934 | val_f1=0.9921
2026-05-04 15:08:22,377 - INFO - Best model updated. best_f1=0.9921
2026-05-04 15:13:48,094 - INFO - Epoch 22/30 | train_loss=0.0147 | val_loss=0.0277 | val_acc=0.9901 | val_f1=0.9881
2026-05-04 15:19:13,671 - INFO - Epoch 23/30 | train_loss=0.0140 | val_loss=0.0183 | val_acc=0.9935 | val_f1=0.9922
2026-05-04 15:19:13,717 - INFO - Best model updated. best_f1=0.9922
2026-05-04 15:24:40,239 - INFO - Epoch 24/30 | train_loss=0.0141 | val_loss=0.0167 | val_acc=0.9941 | val_f1=0.9930
2026-05-04 15:24:40,287 - INFO - Best model updated. best_f1=0.9930
2026-05-04 15:30:05,313 - INFO - Epoch 25/30 | train_loss=0.0140 | val_loss=0.0201 | val_acc=0.9941 | val_f1=0.9929
2026-05-04 15:35:09,718 - INFO - Epoch 26/30 | train_loss=0.0138 | val_loss=0.0188 | val_acc=0.9936 | val_f1=0.9924
2026-05-04 15:40:35,101 - INFO - Epoch 27/30 | train_loss=0.0140 | val_loss=0.0206 | val_acc=0.9929 | val_f1=0.9917
2026-05-04 15:46:01,053 - INFO - Epoch 28/30 | train_loss=0.0140 | val_loss=0.0163 | val_acc=0.9950 | val_f1=0.9940
2026-05-04 15:46:01,108 - INFO - Best model updated. best_f1=0.9940
2026-05-04 15:51:27,984 - INFO - Epoch 29/30 | train_loss=0.0141 | val_loss=0.0175 | val_acc=0.9945 | val_f1=0.9934
2026-05-04 15:56:55,237 - INFO - Epoch 30/30 | train_loss=0.0137 | val_loss=0.0175 | val_acc=0.9937 | val_f1=0.9924
2026-05-04 15:56:56,037 - INFO - Training curves saved to: checkpoints/dual_concat\plots\training_curves.png
2026-05-04 15:56:56,038 - INFO - train_losses: [0.32518013189666506, 0.1032823387637365, 0.08715395693614984, 0.07300327487768074, 0.060991049003618604, 0.053307635806750374, 0.047363819134944994, 0.04258893973660937, 0.040299561751733735, 0.03778046915151979, 0.026742466601514026, 0.024822411828749388, 0.024251837054127895, 0.022193197286471938, 0.022079959464302756, 0.021394333059957717, 0.020790766745436052, 0.020522498317172688, 0.020455773075312166, 0.02004913327324106, 0.01511490413910516, 0.014675426443551952, 0.013961325146984433, 0.014149561514630303, 0.014010634766559676, 0.013783098302654253, 0.014028553127652794, 0.014027655422944268, 0.01405326160496389, 0.013651510188078862]
2026-05-04 15:56:56,038 - INFO - val_losses: [0.08770869528890277, 0.07136263958744873, 0.06332297484794658, 0.053827916634018445, 0.0558833377440169, 0.04088629156502248, 0.052886660842785205, 0.03502676092655424, 0.04000237899365756, 0.05229472938524911, 0.025325942448996407, 0.024232674431751044, 0.02351669314490654, 0.023769985609640977, 0.024867661088533877, 0.021698254521174225, 0.02154614448395134, 0.022267297292542128, 0.021199336939653424, 0.018461869184029235, 0.016273442755846596, 0.027676951522905762, 0.018302730042028592, 0.016680780824054737, 0.02012517773201681, 0.018826312962298995, 0.020639949121096127, 0.016286755464063996, 0.017453791952435696, 0.017535493987267222]
2026-05-04 15:56:56,038 - INFO - val_accs: [0.9586666666666667, 0.9692222222222222, 0.9719444444444445, 0.9770555555555556, 0.9755555555555555, 0.983, 0.9802777777777778, 0.9859444444444444, 0.9838888888888889, 0.9762222222222222, 0.991, 0.9916111111111111, 0.9917777777777778, 0.9904444444444445, 0.9915, 0.9923333333333333, 0.9912222222222222, 0.9919444444444444, 0.9924444444444445, 0.9927777777777778, 0.9934444444444445, 0.9900555555555556, 0.9935, 0.9941111111111111, 0.9940555555555556, 0.9936111111111111, 0.9929444444444444, 0.995, 0.9945, 0.9936666666666667]
2026-05-27 16:10:06,671 - INFO - Using config: configs/config_dual_concat.yaml
2026-05-27 16:10:06,698 - INFO - Using device: cuda
2026-05-27 16:10:06,705 - INFO - GPU name: NVIDIA GeForce RTX 3060 Laptop GPU
2026-05-27 16:10:06,705 - INFO - CUDA version: 11.8
2026-05-27 16:10:09,245 - INFO - Train samples: 84000
2026-05-27 16:10:09,245 - INFO - Val samples: 18000
2026-05-27 16:10:09,320 - INFO - Model device: cuda:0
2026-05-27 16:10:09,320 - INFO - Experiment mode: dual
2026-05-27 16:10:09,320 - INFO - Fusion type: concat
2026-05-27 16:10:09,321 - INFO - Use positional encoding: True
2026-05-27 16:10:09,321 - INFO - Checkpoint dir: checkpoints/dual_concat
2026-05-27 16:14:48,175 - INFO - Epoch 1/30 | train_loss=0.3331 | val_loss=0.0804 | val_acc=0.9681 | val_f1=0.9623
2026-05-27 16:14:48,229 - INFO - Best model updated. best_f1=0.9623
2026-05-27 16:20:18,929 - INFO - Epoch 2/30 | train_loss=0.0823 | val_loss=0.0549 | val_acc=0.9768 | val_f1=0.9722
2026-05-27 16:20:18,980 - INFO - Best model updated. best_f1=0.9722
2026-05-27 16:25:53,972 - INFO - Epoch 3/30 | train_loss=0.0661 | val_loss=0.1273 | val_acc=0.9697 | val_f1=0.9652
2026-05-27 16:31:28,835 - INFO - Epoch 4/30 | train_loss=0.0599 | val_loss=0.0563 | val_acc=0.9799 | val_f1=0.9760
2026-05-27 16:31:28,884 - INFO - Best model updated. best_f1=0.9760
2026-05-27 16:37:14,081 - INFO - Epoch 5/30 | train_loss=0.0524 | val_loss=0.0470 | val_acc=0.9789 | val_f1=0.9754
2026-05-27 16:42:53,650 - INFO - Epoch 6/30 | train_loss=0.0485 | val_loss=0.0431 | val_acc=0.9838 | val_f1=0.9806
2026-05-27 16:42:53,699 - INFO - Best model updated. best_f1=0.9806
2026-05-27 16:48:42,897 - INFO - Epoch 7/30 | train_loss=0.0449 | val_loss=0.0476 | val_acc=0.9838 | val_f1=0.9808
2026-05-27 16:48:42,944 - INFO - Best model updated. best_f1=0.9808
2026-05-27 16:54:29,550 - INFO - Epoch 8/30 | train_loss=0.0406 | val_loss=0.0349 | val_acc=0.9869 | val_f1=0.9845
2026-05-27 16:54:29,602 - INFO - Best model updated. best_f1=0.9845
2026-05-27 16:59:50,785 - INFO - Epoch 9/30 | train_loss=0.0398 | val_loss=0.0493 | val_acc=0.9827 | val_f1=0.9790
2026-05-27 17:05:11,530 - INFO - Epoch 10/30 | train_loss=0.0381 | val_loss=0.0387 | val_acc=0.9858 | val_f1=0.9830
2026-05-27 17:10:30,701 - INFO - Epoch 11/30 | train_loss=0.0273 | val_loss=0.0265 | val_acc=0.9903 | val_f1=0.9883
2026-05-27 17:10:30,750 - INFO - Best model updated. best_f1=0.9883
2026-05-27 17:15:48,490 - INFO - Epoch 12/30 | train_loss=0.0257 | val_loss=0.0297 | val_acc=0.9887 | val_f1=0.9866
2026-05-27 17:21:09,475 - INFO - Epoch 13/30 | train_loss=0.0257 | val_loss=0.0234 | val_acc=0.9914 | val_f1=0.9898
2026-05-27 17:21:09,525 - INFO - Best model updated. best_f1=0.9898
2026-05-27 17:26:27,589 - INFO - Epoch 14/30 | train_loss=0.0243 | val_loss=0.0218 | val_acc=0.9914 | val_f1=0.9898
2026-05-27 17:26:27,645 - INFO - Best model updated. best_f1=0.9898
2026-05-27 17:31:47,468 - INFO - Epoch 15/30 | train_loss=0.0239 | val_loss=0.0285 | val_acc=0.9891 | val_f1=0.9868
2026-05-27 17:37:07,550 - INFO - Epoch 16/30 | train_loss=0.0231 | val_loss=0.0255 | val_acc=0.9907 | val_f1=0.9888
2026-05-27 17:42:28,132 - INFO - Epoch 17/30 | train_loss=0.0218 | val_loss=0.0226 | val_acc=0.9916 | val_f1=0.9899
2026-05-27 17:42:28,178 - INFO - Best model updated. best_f1=0.9899
2026-05-27 17:47:48,147 - INFO - Epoch 18/30 | train_loss=0.0214 | val_loss=0.0241 | val_acc=0.9916 | val_f1=0.9900
2026-05-27 17:47:48,197 - INFO - Best model updated. best_f1=0.9900
2026-05-27 17:53:08,198 - INFO - Epoch 19/30 | train_loss=0.0211 | val_loss=0.0226 | val_acc=0.9922 | val_f1=0.9906
2026-05-27 17:53:08,246 - INFO - Best model updated. best_f1=0.9906
2026-05-27 17:58:28,253 - INFO - Epoch 20/30 | train_loss=0.0207 | val_loss=0.0203 | val_acc=0.9929 | val_f1=0.9915
2026-05-27 17:58:28,302 - INFO - Best model updated. best_f1=0.9915
2026-05-27 18:04:00,683 - INFO - Epoch 21/30 | train_loss=0.0156 | val_loss=0.0168 | val_acc=0.9936 | val_f1=0.9923
2026-05-27 18:04:00,743 - INFO - Best model updated. best_f1=0.9923
2026-05-27 18:09:34,158 - INFO - Epoch 22/30 | train_loss=0.0149 | val_loss=0.0176 | val_acc=0.9938 | val_f1=0.9926
2026-05-27 18:09:34,207 - INFO - Best model updated. best_f1=0.9926
2026-05-27 18:15:05,910 - INFO - Epoch 23/30 | train_loss=0.0139 | val_loss=0.0178 | val_acc=0.9936 | val_f1=0.9923
2026-05-27 18:20:26,551 - INFO - Epoch 24/30 | train_loss=0.0138 | val_loss=0.0186 | val_acc=0.9929 | val_f1=0.9915
2026-05-27 18:25:45,039 - INFO - Epoch 25/30 | train_loss=0.0142 | val_loss=0.0212 | val_acc=0.9928 | val_f1=0.9913
2026-05-27 18:31:03,452 - INFO - Epoch 26/30 | train_loss=0.0131 | val_loss=0.0189 | val_acc=0.9939 | val_f1=0.9927
2026-05-27 18:31:03,498 - INFO - Best model updated. best_f1=0.9927
2026-05-27 18:36:23,450 - INFO - Epoch 27/30 | train_loss=0.0134 | val_loss=0.0180 | val_acc=0.9941 | val_f1=0.9929
2026-05-27 18:36:23,504 - INFO - Best model updated. best_f1=0.9929
2026-05-27 18:41:43,858 - INFO - Epoch 28/30 | train_loss=0.0129 | val_loss=0.0196 | val_acc=0.9934 | val_f1=0.9921
2026-05-27 18:47:04,792 - INFO - Epoch 29/30 | train_loss=0.0130 | val_loss=0.0170 | val_acc=0.9933 | val_f1=0.9920
2026-05-27 18:52:31,896 - INFO - Epoch 30/30 | train_loss=0.0128 | val_loss=0.0187 | val_acc=0.9943 | val_f1=0.9932
2026-05-27 18:52:31,943 - INFO - Best model updated. best_f1=0.9932
2026-05-27 18:52:32,808 - INFO - Training curves saved to: checkpoints/dual_concat\plots\training_curves.png
2026-05-27 18:52:32,809 - INFO - train_losses: [0.33305318841979825, 0.08231603396876225, 0.0660920742994588, 0.05987151834151397, 0.052376284732897016, 0.04854684350906107, 0.04488571671458391, 0.04064091475491677, 0.03983254393063007, 0.0381053531157323, 0.027346466829416126, 0.025695385590576776, 0.02573256856449145, 0.02432637439435729, 0.023851329626975625, 0.023069681451566532, 0.02178655110145926, 0.02140501125062777, 0.021050709487831012, 0.02067996556398915, 0.015647886941822696, 0.014881873496755448, 0.013875010283806615, 0.013785380949182408, 0.01416872386567896, 0.013121640930788306, 0.013370685290640505, 0.012880898883053825, 0.012983696836673993, 0.012775440123904401]
2026-05-27 18:52:32,809 - INFO - val_losses: [0.0804121812848607, 0.05485409514141308, 0.12728359315006593, 0.05632582703726237, 0.04697594411771206, 0.04312482445672948, 0.047575681562266256, 0.03486830516788339, 0.04925585422395832, 0.03868563331925503, 0.026502864902218384, 0.029709917029574474, 0.02344588077804292, 0.021846555694485587, 0.028521048230429894, 0.025529740101590304, 0.022556751122886957, 0.02410799722473934, 0.02263266729769627, 0.020346665028294714, 0.016794676393973026, 0.017565131218242137, 0.0178256168163407, 0.0185871827450994, 0.021154597605314445, 0.01894843720614598, 0.018040797824012973, 0.01961728858722179, 0.016995148883379847, 0.018679035803935727]
2026-05-27 18:52:32,809 - INFO - val_accs: [0.9681111111111111, 0.9767777777777777, 0.9696666666666667, 0.9798888888888889, 0.9789444444444444, 0.9837777777777778, 0.9838333333333333, 0.9869444444444444, 0.9826666666666667, 0.9857777777777778, 0.9902777777777778, 0.9887222222222222, 0.9914444444444445, 0.9914444444444445, 0.9891111111111112, 0.9906666666666667, 0.9915555555555555, 0.9916111111111111, 0.9921666666666666, 0.9928888888888889, 0.9935555555555555, 0.9937777777777778, 0.9935555555555555, 0.9929444444444444, 0.9927777777777778, 0.9939444444444444, 0.9941111111111111, 0.9933888888888889, 0.9932777777777778, 0.9942777777777778]
