2026-05-03 21:32:02,868 - INFO - Using config: configs/config_img_only.yaml
2026-05-03 21:32:02,892 - INFO - Using device: cuda
2026-05-03 21:32:02,899 - INFO - GPU name: NVIDIA GeForce RTX 3060 Laptop GPU
2026-05-03 21:32:02,899 - INFO - CUDA version: 11.8
2026-05-03 21:32:05,462 - INFO - Train samples: 84000
2026-05-03 21:32:05,462 - INFO - Val samples: 18000
2026-05-03 21:32:05,589 - INFO - Model device: cuda:0
2026-05-03 21:32:05,589 - INFO - Experiment mode: img_only
2026-05-03 21:32:05,590 - INFO - Fusion type: concat
2026-05-03 21:32:05,590 - INFO - Use positional encoding: True
2026-05-03 21:32:05,590 - INFO - Checkpoint dir: checkpoints/dual_concat
2026-05-03 21:32:43,168 - INFO - Epoch 1/30 | train_loss=0.9450 | val_loss=0.5230 | val_acc=0.7963 | val_f1=0.7669
2026-05-03 21:32:43,219 - INFO - Best model updated. best_f1=0.7669
2026-05-03 21:33:20,727 - INFO - Epoch 2/30 | train_loss=0.3875 | val_loss=0.2557 | val_acc=0.8985 | val_f1=0.8838
2026-05-03 21:33:20,767 - INFO - Best model updated. best_f1=0.8838
2026-05-03 21:33:59,380 - INFO - Epoch 3/30 | train_loss=0.2804 | val_loss=0.2380 | val_acc=0.9058 | val_f1=0.8865
2026-05-03 21:33:59,413 - INFO - Best model updated. best_f1=0.8865
2026-05-03 21:34:35,494 - INFO - Epoch 4/30 | train_loss=0.2262 | val_loss=0.2354 | val_acc=0.9101 | val_f1=0.8986
2026-05-03 21:34:35,529 - INFO - Best model updated. best_f1=0.8986
2026-05-03 21:35:12,954 - INFO - Epoch 5/30 | train_loss=0.1877 | val_loss=0.1778 | val_acc=0.9350 | val_f1=0.9256
2026-05-03 21:35:12,985 - INFO - Best model updated. best_f1=0.9256
2026-05-03 21:35:45,551 - INFO - Epoch 6/30 | train_loss=0.1604 | val_loss=0.1881 | val_acc=0.9243 | val_f1=0.9073
2026-05-03 21:36:14,595 - INFO - Epoch 7/30 | train_loss=0.1446 | val_loss=0.1380 | val_acc=0.9462 | val_f1=0.9354
2026-05-03 21:36:14,631 - INFO - Best model updated. best_f1=0.9354
2026-05-03 21:36:43,535 - INFO - Epoch 8/30 | train_loss=0.1313 | val_loss=0.1117 | val_acc=0.9584 | val_f1=0.9513
2026-05-03 21:36:43,570 - INFO - Best model updated. best_f1=0.9513
2026-05-03 21:37:12,404 - INFO - Epoch 9/30 | train_loss=0.1194 | val_loss=0.1077 | val_acc=0.9589 | val_f1=0.9532
2026-05-03 21:37:12,441 - INFO - Best model updated. best_f1=0.9532
2026-05-03 21:37:46,174 - INFO - Epoch 10/30 | train_loss=0.1109 | val_loss=0.1170 | val_acc=0.9552 | val_f1=0.9456
2026-05-03 21:38:20,826 - INFO - Epoch 11/30 | train_loss=0.0797 | val_loss=0.0680 | val_acc=0.9744 | val_f1=0.9704
2026-05-03 21:38:20,855 - INFO - Best model updated. best_f1=0.9704
2026-05-03 21:38:55,524 - INFO - Epoch 12/30 | train_loss=0.0743 | val_loss=0.0696 | val_acc=0.9722 | val_f1=0.9680
2026-05-03 21:39:30,310 - INFO - Epoch 13/30 | train_loss=0.0720 | val_loss=0.0631 | val_acc=0.9755 | val_f1=0.9715
2026-05-03 21:39:30,339 - INFO - Best model updated. best_f1=0.9715
2026-05-03 21:40:04,904 - INFO - Epoch 14/30 | train_loss=0.0674 | val_loss=0.0727 | val_acc=0.9718 | val_f1=0.9671
2026-05-03 21:40:39,616 - INFO - Epoch 15/30 | train_loss=0.0653 | val_loss=0.0607 | val_acc=0.9753 | val_f1=0.9713
2026-05-03 21:41:14,234 - INFO - Epoch 16/30 | train_loss=0.0636 | val_loss=0.0732 | val_acc=0.9729 | val_f1=0.9690
2026-05-03 21:41:48,989 - INFO - Epoch 17/30 | train_loss=0.0608 | val_loss=0.0617 | val_acc=0.9770 | val_f1=0.9732
2026-05-03 21:41:49,021 - INFO - Best model updated. best_f1=0.9732
2026-05-03 21:42:24,084 - INFO - Epoch 18/30 | train_loss=0.0600 | val_loss=0.0633 | val_acc=0.9769 | val_f1=0.9736
2026-05-03 21:42:24,114 - INFO - Best model updated. best_f1=0.9736
2026-05-03 21:42:59,026 - INFO - Epoch 19/30 | train_loss=0.0575 | val_loss=0.0530 | val_acc=0.9787 | val_f1=0.9751
2026-05-03 21:42:59,054 - INFO - Best model updated. best_f1=0.9751
2026-05-03 21:43:33,941 - INFO - Epoch 20/30 | train_loss=0.0558 | val_loss=0.0611 | val_acc=0.9776 | val_f1=0.9733
2026-05-03 21:44:09,102 - INFO - Epoch 21/30 | train_loss=0.0434 | val_loss=0.0450 | val_acc=0.9831 | val_f1=0.9799
2026-05-03 21:44:09,130 - INFO - Best model updated. best_f1=0.9799
2026-05-03 21:44:43,870 - INFO - Epoch 22/30 | train_loss=0.0406 | val_loss=0.0494 | val_acc=0.9818 | val_f1=0.9786
2026-05-03 21:45:18,776 - INFO - Epoch 23/30 | train_loss=0.0395 | val_loss=0.0441 | val_acc=0.9843 | val_f1=0.9816
2026-05-03 21:45:18,807 - INFO - Best model updated. best_f1=0.9816
2026-05-03 21:45:53,840 - INFO - Epoch 24/30 | train_loss=0.0389 | val_loss=0.0549 | val_acc=0.9812 | val_f1=0.9780
2026-05-03 21:46:29,107 - INFO - Epoch 25/30 | train_loss=0.0364 | val_loss=0.0490 | val_acc=0.9838 | val_f1=0.9809
2026-05-03 21:47:04,012 - INFO - Epoch 26/30 | train_loss=0.0366 | val_loss=0.0428 | val_acc=0.9856 | val_f1=0.9831
2026-05-03 21:47:04,043 - INFO - Best model updated. best_f1=0.9831
2026-05-03 21:47:38,415 - INFO - Epoch 27/30 | train_loss=0.0362 | val_loss=0.0475 | val_acc=0.9838 | val_f1=0.9810
2026-05-03 21:48:11,851 - INFO - Epoch 28/30 | train_loss=0.0346 | val_loss=0.0470 | val_acc=0.9837 | val_f1=0.9807
2026-05-03 21:48:45,239 - INFO - Epoch 29/30 | train_loss=0.0343 | val_loss=0.0483 | val_acc=0.9831 | val_f1=0.9801
2026-05-03 21:49:18,377 - INFO - Epoch 30/30 | train_loss=0.0345 | val_loss=0.0494 | val_acc=0.9831 | val_f1=0.9801
2026-05-03 21:49:19,035 - INFO - Training curves saved to: checkpoints/dual_concat\plots\training_curves.png
2026-05-03 21:49:19,035 - INFO - train_losses: [0.9449973966266427, 0.38751067450890936, 0.280378010369926, 0.22617806168614576, 0.18767992815566029, 0.16040604338043235, 0.14462776669221264, 0.13127310660775263, 0.11941108321625783, 0.11087831127665206, 0.07974171912218887, 0.07430682246528089, 0.07198705229223595, 0.06738063007363096, 0.06532276803565522, 0.06359903830635207, 0.0608242861385169, 0.05995370974131982, 0.05749394620718279, 0.05584152698371881, 0.04340144156652968, 0.04055156767677372, 0.03947375408825021, 0.03888787611016527, 0.03639722632488424, 0.036631887986712776, 0.03618777676986619, 0.034556871698221324, 0.03430914862696469, 0.03452602155698419]
2026-05-03 21:49:19,035 - INFO - val_losses: [0.5229771122303274, 0.25574229689728883, 0.23801347340270876, 0.23538581780747822, 0.17781585909472777, 0.18813803045151548, 0.13804989551752805, 0.11166551523898832, 0.10774675368398635, 0.11702620736049074, 0.06797323170076641, 0.06961667503244502, 0.06312115714223021, 0.07272015247129214, 0.060711973742206785, 0.07324748414263337, 0.06168299077628439, 0.06328766277838602, 0.05303210734103858, 0.06112167895793553, 0.04498918482988504, 0.049399121216032654, 0.04414662240144228, 0.054917017048755144, 0.049016215150587315, 0.042802935824638955, 0.047499028136248754, 0.04702986268865384, 0.04825542476317302, 0.049418968660136064]
2026-05-03 21:49:19,036 - INFO - val_accs: [0.7962777777777778, 0.8985, 0.9057777777777778, 0.9100555555555555, 0.935, 0.9243333333333333, 0.9462222222222222, 0.9583888888888888, 0.9589444444444445, 0.9551666666666667, 0.9744444444444444, 0.9722222222222222, 0.9755, 0.9718333333333333, 0.9753333333333334, 0.9729444444444444, 0.977, 0.9768888888888889, 0.9787222222222223, 0.9776111111111111, 0.9830555555555556, 0.9818333333333333, 0.9843333333333333, 0.9811666666666666, 0.9838333333333333, 0.9855555555555555, 0.9838333333333333, 0.9836666666666667, 0.9830555555555556, 0.9831111111111112]
2026-05-03 22:13:50,676 - INFO - Using config: configs/config_img_only.yaml
2026-05-03 22:13:50,699 - INFO - Using device: cuda
2026-05-03 22:13:50,706 - INFO - GPU name: NVIDIA GeForce RTX 3060 Laptop GPU
2026-05-03 22:13:50,707 - INFO - CUDA version: 11.8
2026-05-03 22:13:53,199 - INFO - Train samples: 84000
2026-05-03 22:13:53,199 - INFO - Val samples: 18000
2026-05-03 22:13:53,319 - INFO - Model device: cuda:0
2026-05-03 22:13:53,319 - INFO - Experiment mode: img_only
2026-05-03 22:13:53,319 - INFO - Fusion type: concat
2026-05-03 22:13:53,319 - INFO - Use positional encoding: True
2026-05-03 22:13:53,319 - INFO - Checkpoint dir: checkpoints/dual_concat
2026-05-03 22:18:46,699 - INFO - Using config: configs/config_img_only.yaml
2026-05-03 22:18:46,723 - INFO - Using device: cuda
2026-05-03 22:18:46,730 - INFO - GPU name: NVIDIA GeForce RTX 3060 Laptop GPU
2026-05-03 22:18:46,730 - INFO - CUDA version: 11.8
2026-05-03 22:18:49,260 - INFO - Train samples: 84000
2026-05-03 22:18:49,260 - INFO - Val samples: 18000
2026-05-03 22:18:49,344 - INFO - Model device: cuda:0
2026-05-03 22:18:49,344 - INFO - Experiment mode: img_only
2026-05-03 22:18:49,345 - INFO - Fusion type: concat
2026-05-03 22:18:49,345 - INFO - Use positional encoding: True
2026-05-03 22:18:49,345 - INFO - Checkpoint dir: checkpoints/img_only
2026-05-03 22:19:26,146 - INFO - Epoch 1/30 | train_loss=0.9505 | val_loss=0.4607 | val_acc=0.8279 | val_f1=0.8005
2026-05-03 22:19:26,182 - INFO - Best model updated. best_f1=0.8005
2026-05-03 22:20:01,125 - INFO - Epoch 2/30 | train_loss=0.3833 | val_loss=0.2803 | val_acc=0.8894 | val_f1=0.8719
2026-05-03 22:20:01,160 - INFO - Best model updated. best_f1=0.8719
2026-05-03 22:20:38,120 - INFO - Epoch 3/30 | train_loss=0.2798 | val_loss=0.2146 | val_acc=0.9124 | val_f1=0.8949
2026-05-03 22:20:38,156 - INFO - Best model updated. best_f1=0.8949
2026-05-03 22:21:14,931 - INFO - Epoch 4/30 | train_loss=0.2239 | val_loss=0.2114 | val_acc=0.9194 | val_f1=0.9047
2026-05-03 22:21:14,966 - INFO - Best model updated. best_f1=0.9047
2026-05-03 22:21:51,230 - INFO - Epoch 5/30 | train_loss=0.1901 | val_loss=0.3400 | val_acc=0.8767 | val_f1=0.8640
2026-05-03 22:22:27,936 - INFO - Epoch 6/30 | train_loss=0.1674 | val_loss=0.1450 | val_acc=0.9448 | val_f1=0.9365
2026-05-03 22:22:27,973 - INFO - Best model updated. best_f1=0.9365
2026-05-03 22:23:06,330 - INFO - Epoch 7/30 | train_loss=0.1501 | val_loss=0.1317 | val_acc=0.9526 | val_f1=0.9452
2026-05-03 22:23:06,367 - INFO - Best model updated. best_f1=0.9452
2026-05-03 22:23:44,762 - INFO - Epoch 8/30 | train_loss=0.1380 | val_loss=0.1140 | val_acc=0.9588 | val_f1=0.9516
2026-05-03 22:23:44,804 - INFO - Best model updated. best_f1=0.9516
2026-05-03 22:24:22,016 - INFO - Epoch 9/30 | train_loss=0.1264 | val_loss=0.1158 | val_acc=0.9553 | val_f1=0.9488
2026-05-03 22:24:56,020 - INFO - Epoch 10/30 | train_loss=0.1181 | val_loss=0.0982 | val_acc=0.9640 | val_f1=0.9576
2026-05-03 22:24:56,048 - INFO - Best model updated. best_f1=0.9576
2026-05-03 22:25:29,830 - INFO - Epoch 11/30 | train_loss=0.0889 | val_loss=0.0938 | val_acc=0.9648 | val_f1=0.9589
2026-05-03 22:25:29,860 - INFO - Best model updated. best_f1=0.9589
2026-05-03 22:26:04,099 - INFO - Epoch 12/30 | train_loss=0.0841 | val_loss=0.0812 | val_acc=0.9681 | val_f1=0.9618
2026-05-03 22:26:04,130 - INFO - Best model updated. best_f1=0.9618
2026-05-03 22:26:37,978 - INFO - Epoch 13/30 | train_loss=0.0809 | val_loss=0.0816 | val_acc=0.9688 | val_f1=0.9634
2026-05-03 22:26:38,012 - INFO - Best model updated. best_f1=0.9634
2026-05-03 22:27:12,528 - INFO - Epoch 14/30 | train_loss=0.0776 | val_loss=0.0730 | val_acc=0.9726 | val_f1=0.9680
2026-05-03 22:27:12,559 - INFO - Best model updated. best_f1=0.9680
2026-05-03 22:27:47,999 - INFO - Epoch 15/30 | train_loss=0.0731 | val_loss=0.0765 | val_acc=0.9714 | val_f1=0.9667
2026-05-03 22:28:22,792 - INFO - Epoch 16/30 | train_loss=0.0720 | val_loss=0.0692 | val_acc=0.9740 | val_f1=0.9696
2026-05-03 22:28:22,823 - INFO - Best model updated. best_f1=0.9696
2026-05-03 22:28:56,583 - INFO - Epoch 17/30 | train_loss=0.0665 | val_loss=0.0683 | val_acc=0.9746 | val_f1=0.9700
2026-05-03 22:28:56,614 - INFO - Best model updated. best_f1=0.9700
2026-05-03 22:29:30,603 - INFO - Epoch 18/30 | train_loss=0.0671 | val_loss=0.1057 | val_acc=0.9624 | val_f1=0.9592
2026-05-03 22:30:06,419 - INFO - Epoch 19/30 | train_loss=0.0642 | val_loss=0.0583 | val_acc=0.9782 | val_f1=0.9746
2026-05-03 22:30:06,454 - INFO - Best model updated. best_f1=0.9746
2026-05-03 22:30:40,830 - INFO - Epoch 20/30 | train_loss=0.0619 | val_loss=0.0647 | val_acc=0.9764 | val_f1=0.9719
2026-05-03 22:31:16,224 - INFO - Epoch 21/30 | train_loss=0.0488 | val_loss=0.0519 | val_acc=0.9814 | val_f1=0.9780
2026-05-03 22:31:16,259 - INFO - Best model updated. best_f1=0.9780
2026-05-03 22:31:52,158 - INFO - Epoch 22/30 | train_loss=0.0452 | val_loss=0.0550 | val_acc=0.9799 | val_f1=0.9761
2026-05-03 22:32:27,376 - INFO - Epoch 23/30 | train_loss=0.0430 | val_loss=0.0494 | val_acc=0.9829 | val_f1=0.9798
2026-05-03 22:32:27,409 - INFO - Best model updated. best_f1=0.9798
2026-05-03 22:33:01,730 - INFO - Epoch 24/30 | train_loss=0.0419 | val_loss=0.0551 | val_acc=0.9814 | val_f1=0.9782
2026-05-03 22:33:35,710 - INFO - Epoch 25/30 | train_loss=0.0417 | val_loss=0.0510 | val_acc=0.9822 | val_f1=0.9793
2026-05-03 22:34:10,147 - INFO - Epoch 26/30 | train_loss=0.0402 | val_loss=0.0499 | val_acc=0.9829 | val_f1=0.9800
2026-05-03 22:34:10,180 - INFO - Best model updated. best_f1=0.9800
2026-05-03 22:34:45,135 - INFO - Epoch 27/30 | train_loss=0.0381 | val_loss=0.0495 | val_acc=0.9832 | val_f1=0.9805
2026-05-03 22:34:45,169 - INFO - Best model updated. best_f1=0.9805
2026-05-03 22:35:19,407 - INFO - Epoch 28/30 | train_loss=0.0382 | val_loss=0.0495 | val_acc=0.9842 | val_f1=0.9813
2026-05-03 22:35:19,441 - INFO - Best model updated. best_f1=0.9813
2026-05-03 22:35:53,828 - INFO - Epoch 29/30 | train_loss=0.0373 | val_loss=0.0603 | val_acc=0.9787 | val_f1=0.9754
2026-05-03 22:36:28,343 - INFO - Epoch 30/30 | train_loss=0.0372 | val_loss=0.0499 | val_acc=0.9836 | val_f1=0.9806
2026-05-03 22:36:29,036 - INFO - Training curves saved to: checkpoints/img_only\plots\training_curves.png
2026-05-03 22:36:29,036 - INFO - train_losses: [0.9505494634679386, 0.3832840461652903, 0.27975507942658095, 0.22385181650395194, 0.1901151445394914, 0.16742271547862106, 0.1501158792816014, 0.13795609739380668, 0.12636780620683427, 0.11810810250182459, 0.08886983484606303, 0.0841360352817047, 0.08093558862392923, 0.07761792925078355, 0.0730892620351099, 0.07201362460563958, 0.06651330173669738, 0.06706025246534097, 0.06422826815194206, 0.06185359676256, 0.04884508960723733, 0.04515086733028459, 0.04303415852559486, 0.0419499986613574, 0.041733574372871465, 0.04021681936259293, 0.038129074979071795, 0.03820622392070835, 0.037320986579679555, 0.03715386312773141]
2026-05-03 22:36:29,036 - INFO - val_losses: [0.46068621334102416, 0.28025401027666197, 0.21460702058817777, 0.21140896023644343, 0.340018177120222, 0.1450230601080176, 0.13170254595166384, 0.11402302312664687, 0.11575674221695711, 0.09815957695031022, 0.09381244854140096, 0.08122062159905262, 0.0816035977769255, 0.07299183192391259, 0.07649460011653395, 0.06918201965953792, 0.06827856844137165, 0.10566415253061698, 0.05830949744947591, 0.06467535133600338, 0.051897802316001614, 0.055049809913733046, 0.04940988665411714, 0.05513799710329881, 0.0510408228456379, 0.04989267421326238, 0.04949298186821397, 0.049546411020590715, 0.060299567630398086, 0.04991938349181631]
2026-05-03 22:36:29,037 - INFO - val_accs: [0.8279444444444445, 0.8893888888888889, 0.9124444444444444, 0.9193888888888889, 0.8766666666666667, 0.9448333333333333, 0.9526111111111111, 0.9588333333333333, 0.9553333333333334, 0.964, 0.9647777777777777, 0.9680555555555556, 0.9688333333333333, 0.9725555555555555, 0.9714444444444444, 0.974, 0.9746111111111111, 0.9623888888888888, 0.9782222222222222, 0.9764444444444444, 0.9813888888888889, 0.9798888888888889, 0.9828888888888889, 0.9813888888888889, 0.9821666666666666, 0.9829444444444444, 0.9831666666666666, 0.9842222222222222, 0.9787222222222223, 0.9835555555555555]
2026-05-27 15:50:26,171 - INFO - Using config: configs/config_img_only.yaml
2026-05-27 15:50:26,199 - INFO - Using device: cuda
2026-05-27 15:50:26,207 - INFO - GPU name: NVIDIA GeForce RTX 3060 Laptop GPU
2026-05-27 15:50:26,207 - INFO - CUDA version: 11.8
2026-05-27 15:50:29,023 - INFO - Train samples: 84000
2026-05-27 15:50:29,023 - INFO - Val samples: 18000
2026-05-27 15:50:29,151 - INFO - Model device: cuda:0
2026-05-27 15:50:29,153 - INFO - Experiment mode: img_only
2026-05-27 15:50:29,153 - INFO - Fusion type: concat
2026-05-27 15:50:29,153 - INFO - Use positional encoding: True
2026-05-27 15:50:29,153 - INFO - Checkpoint dir: checkpoints/img_only
2026-05-27 15:51:08,645 - INFO - Epoch 1/30 | train_loss=0.9620 | val_loss=0.4210 | val_acc=0.8440 | val_f1=0.8175
2026-05-27 15:51:08,688 - INFO - Best model updated. best_f1=0.8175
2026-05-27 15:51:44,047 - INFO - Epoch 2/30 | train_loss=0.3871 | val_loss=0.2862 | val_acc=0.8858 | val_f1=0.8635
2026-05-27 15:51:44,081 - INFO - Best model updated. best_f1=0.8635
2026-05-27 15:52:19,360 - INFO - Epoch 3/30 | train_loss=0.2703 | val_loss=0.2543 | val_acc=0.9043 | val_f1=0.8900
2026-05-27 15:52:19,390 - INFO - Best model updated. best_f1=0.8900
2026-05-27 15:52:53,812 - INFO - Epoch 4/30 | train_loss=0.2149 | val_loss=0.1690 | val_acc=0.9405 | val_f1=0.9285
2026-05-27 15:52:53,842 - INFO - Best model updated. best_f1=0.9285
2026-05-27 15:53:28,780 - INFO - Epoch 5/30 | train_loss=0.1803 | val_loss=0.1735 | val_acc=0.9377 | val_f1=0.9325
2026-05-27 15:53:28,814 - INFO - Best model updated. best_f1=0.9325
2026-05-27 15:54:04,157 - INFO - Epoch 6/30 | train_loss=0.1535 | val_loss=0.4156 | val_acc=0.8524 | val_f1=0.8416
2026-05-27 15:54:39,076 - INFO - Epoch 7/30 | train_loss=0.1382 | val_loss=0.1689 | val_acc=0.9379 | val_f1=0.9298
2026-05-27 15:55:14,061 - INFO - Epoch 8/30 | train_loss=0.1250 | val_loss=0.0977 | val_acc=0.9624 | val_f1=0.9559
2026-05-27 15:55:14,090 - INFO - Best model updated. best_f1=0.9559
2026-05-27 15:55:50,175 - INFO - Epoch 9/30 | train_loss=0.1154 | val_loss=0.1861 | val_acc=0.9344 | val_f1=0.9254
2026-05-27 15:56:25,005 - INFO - Epoch 10/30 | train_loss=0.1091 | val_loss=0.0965 | val_acc=0.9598 | val_f1=0.9506
2026-05-27 15:57:00,682 - INFO - Epoch 11/30 | train_loss=0.0785 | val_loss=0.0710 | val_acc=0.9730 | val_f1=0.9685
2026-05-27 15:57:00,721 - INFO - Best model updated. best_f1=0.9685
2026-05-27 15:57:36,381 - INFO - Epoch 12/30 | train_loss=0.0741 | val_loss=0.0730 | val_acc=0.9718 | val_f1=0.9674
2026-05-27 15:58:11,114 - INFO - Epoch 13/30 | train_loss=0.0682 | val_loss=0.0761 | val_acc=0.9729 | val_f1=0.9685
2026-05-27 15:58:45,350 - INFO - Epoch 14/30 | train_loss=0.0668 | val_loss=0.0595 | val_acc=0.9782 | val_f1=0.9746
2026-05-27 15:58:45,378 - INFO - Best model updated. best_f1=0.9746
2026-05-27 15:59:19,793 - INFO - Epoch 15/30 | train_loss=0.0631 | val_loss=0.0907 | val_acc=0.9673 | val_f1=0.9608
2026-05-27 15:59:54,205 - INFO - Epoch 16/30 | train_loss=0.0606 | val_loss=0.0599 | val_acc=0.9773 | val_f1=0.9734
2026-05-27 16:00:29,649 - INFO - Epoch 17/30 | train_loss=0.0564 | val_loss=0.0660 | val_acc=0.9754 | val_f1=0.9709
2026-05-27 16:01:04,534 - INFO - Epoch 18/30 | train_loss=0.0565 | val_loss=0.0681 | val_acc=0.9753 | val_f1=0.9709
2026-05-27 16:01:39,160 - INFO - Epoch 19/30 | train_loss=0.0540 | val_loss=0.0492 | val_acc=0.9816 | val_f1=0.9784
2026-05-27 16:01:39,194 - INFO - Best model updated. best_f1=0.9784
2026-05-27 16:02:13,630 - INFO - Epoch 20/30 | train_loss=0.0533 | val_loss=0.0569 | val_acc=0.9805 | val_f1=0.9769
2026-05-27 16:02:48,427 - INFO - Epoch 21/30 | train_loss=0.0390 | val_loss=0.0456 | val_acc=0.9828 | val_f1=0.9796
2026-05-27 16:02:48,456 - INFO - Best model updated. best_f1=0.9796
2026-05-27 16:03:23,074 - INFO - Epoch 22/30 | train_loss=0.0365 | val_loss=0.0557 | val_acc=0.9796 | val_f1=0.9764
2026-05-27 16:03:57,672 - INFO - Epoch 23/30 | train_loss=0.0359 | val_loss=0.0450 | val_acc=0.9833 | val_f1=0.9802
2026-05-27 16:03:57,704 - INFO - Best model updated. best_f1=0.9802
2026-05-27 16:04:32,375 - INFO - Epoch 24/30 | train_loss=0.0336 | val_loss=0.0492 | val_acc=0.9820 | val_f1=0.9785
2026-05-27 16:05:07,363 - INFO - Epoch 25/30 | train_loss=0.0342 | val_loss=0.0427 | val_acc=0.9851 | val_f1=0.9824
2026-05-27 16:05:07,392 - INFO - Best model updated. best_f1=0.9824
2026-05-27 16:05:42,564 - INFO - Epoch 26/30 | train_loss=0.0320 | val_loss=0.0427 | val_acc=0.9851 | val_f1=0.9824
2026-05-27 16:05:42,593 - INFO - Best model updated. best_f1=0.9824
2026-05-27 16:06:17,240 - INFO - Epoch 27/30 | train_loss=0.0320 | val_loss=0.0416 | val_acc=0.9857 | val_f1=0.9831
2026-05-27 16:06:17,269 - INFO - Best model updated. best_f1=0.9831
2026-05-27 16:06:52,037 - INFO - Epoch 28/30 | train_loss=0.0321 | val_loss=0.0493 | val_acc=0.9825 | val_f1=0.9791
2026-05-27 16:07:27,004 - INFO - Epoch 29/30 | train_loss=0.0310 | val_loss=0.0413 | val_acc=0.9858 | val_f1=0.9830
2026-05-27 16:08:01,688 - INFO - Epoch 30/30 | train_loss=0.0308 | val_loss=0.0451 | val_acc=0.9853 | val_f1=0.9828
2026-05-27 16:08:02,306 - INFO - Training curves saved to: checkpoints/img_only\plots\training_curves.png
2026-05-27 16:08:02,306 - INFO - train_losses: [0.9620433193431014, 0.3870947520555485, 0.2702711737506269, 0.21491737984821555, 0.18034550153202422, 0.15349652164094593, 0.13817831737778727, 0.12496120675952573, 0.11539167589975875, 0.10914283520473345, 0.07849583738659775, 0.07412809820082926, 0.06824491308061295, 0.06682402705993237, 0.06305929109631273, 0.06056441011643204, 0.0563788745741504, 0.056471564772602595, 0.0539975346369181, 0.05326657748992078, 0.03903209515055087, 0.03654406639994565, 0.03587021380506589, 0.033571590051817195, 0.034196425104000984, 0.03199098412387927, 0.032013156826702124, 0.032104988641931585, 0.030967616824510817, 0.03078059493702659]
2026-05-27 16:08:02,306 - INFO - val_losses: [0.42104161956906316, 0.2862253860955437, 0.2543147798213694, 0.16898962007907944, 0.17352476433788735, 0.4156444739608301, 0.1688979025795642, 0.0977293733389686, 0.18611639693400098, 0.09651060842593304, 0.07104250402150986, 0.07300137970498245, 0.07607481500596946, 0.059545087595198616, 0.0907415457190299, 0.05986021884869681, 0.06598210142671855, 0.06807804166226802, 0.04915094392478932, 0.056873821530775685, 0.045608777720694584, 0.05570956910486954, 0.04499968832770699, 0.04915016705922446, 0.042667145952233115, 0.042683829577652634, 0.04163519910003136, 0.049291833722614684, 0.04131395789733829, 0.045112804594689]
2026-05-27 16:08:02,306 - INFO - val_accs: [0.844, 0.8858333333333334, 0.9042777777777777, 0.9405, 0.9377222222222222, 0.8524444444444444, 0.9378888888888889, 0.9624444444444444, 0.9344444444444444, 0.9598333333333333, 0.973, 0.9717777777777777, 0.9728888888888889, 0.9781666666666666, 0.9673333333333334, 0.9772777777777778, 0.9753888888888889, 0.9752777777777778, 0.9816111111111111, 0.9805, 0.9828333333333333, 0.9795555555555555, 0.9832777777777778, 0.982, 0.9850555555555556, 0.9850555555555556, 0.9857222222222223, 0.9825, 0.9857777777777778, 0.9852777777777778]
