2026-05-04 18:32:18,178 - INFO - Using config: configs/config_seq_only_nope.yaml
2026-05-04 18:32:18,202 - INFO - Using device: cuda
2026-05-04 18:32:18,209 - INFO - GPU name: NVIDIA GeForce RTX 3060 Laptop GPU
2026-05-04 18:32:18,209 - INFO - CUDA version: 11.8
2026-05-04 18:32:20,710 - INFO - Train samples: 84000
2026-05-04 18:32:20,710 - INFO - Val samples: 18000
2026-05-04 18:32:20,785 - INFO - Model device: cuda:0
2026-05-04 18:32:20,786 - INFO - Experiment mode: seq_only
2026-05-04 18:32:20,786 - INFO - Fusion type: concat
2026-05-04 18:32:20,786 - INFO - Use positional encoding: False
2026-05-04 18:32:20,786 - INFO - Checkpoint dir: checkpoints/seq_only_nope
2026-05-04 18:36:08,522 - INFO - Epoch 1/30 | train_loss=0.7218 | val_loss=0.3213 | val_acc=0.8804 | val_f1=0.8557
2026-05-04 18:36:08,575 - INFO - Best model updated. best_f1=0.8557
2026-05-04 18:40:57,736 - INFO - Epoch 2/30 | train_loss=0.2821 | val_loss=0.3227 | val_acc=0.8873 | val_f1=0.8719
2026-05-04 18:40:57,774 - INFO - Best model updated. best_f1=0.8719
2026-05-04 18:46:11,375 - INFO - Epoch 3/30 | train_loss=0.2334 | val_loss=0.2213 | val_acc=0.9176 | val_f1=0.9028
2026-05-04 18:46:11,416 - INFO - Best model updated. best_f1=0.9028
2026-05-04 18:51:23,869 - INFO - Epoch 4/30 | train_loss=0.2109 | val_loss=0.2069 | val_acc=0.9263 | val_f1=0.9127
2026-05-04 18:51:23,908 - INFO - Best model updated. best_f1=0.9127
2026-05-04 18:56:22,813 - INFO - Epoch 5/30 | train_loss=0.1961 | val_loss=0.2049 | val_acc=0.9268 | val_f1=0.9156
2026-05-04 18:56:22,859 - INFO - Best model updated. best_f1=0.9156
2026-05-04 19:01:08,649 - INFO - Epoch 6/30 | train_loss=0.1851 | val_loss=0.1770 | val_acc=0.9321 | val_f1=0.9213
2026-05-04 19:01:08,688 - INFO - Best model updated. best_f1=0.9213
2026-05-04 19:05:54,165 - INFO - Epoch 7/30 | train_loss=0.1725 | val_loss=0.2011 | val_acc=0.9291 | val_f1=0.9168
2026-05-04 19:11:06,958 - INFO - Epoch 8/30 | train_loss=0.1670 | val_loss=0.1655 | val_acc=0.9394 | val_f1=0.9286
2026-05-04 19:11:06,996 - INFO - Best model updated. best_f1=0.9286
2026-05-04 19:16:27,318 - INFO - Epoch 9/30 | train_loss=0.1588 | val_loss=0.1447 | val_acc=0.9462 | val_f1=0.9367
2026-05-04 19:16:27,365 - INFO - Best model updated. best_f1=0.9367
2026-05-04 19:21:45,370 - INFO - Epoch 10/30 | train_loss=0.1539 | val_loss=0.1854 | val_acc=0.9348 | val_f1=0.9235
2026-05-04 19:26:52,910 - INFO - Epoch 11/30 | train_loss=0.1179 | val_loss=0.1248 | val_acc=0.9546 | val_f1=0.9463
2026-05-04 19:26:52,957 - INFO - Best model updated. best_f1=0.9463
2026-05-04 19:31:51,931 - INFO - Epoch 12/30 | train_loss=0.1143 | val_loss=0.1278 | val_acc=0.9529 | val_f1=0.9451
2026-05-04 19:36:48,352 - INFO - Epoch 13/30 | train_loss=0.1107 | val_loss=0.1483 | val_acc=0.9484 | val_f1=0.9404
2026-05-04 19:41:44,928 - INFO - Epoch 14/30 | train_loss=0.1075 | val_loss=0.1361 | val_acc=0.9513 | val_f1=0.9439
2026-05-04 19:47:03,768 - INFO - Epoch 15/30 | train_loss=0.1071 | val_loss=0.1255 | val_acc=0.9546 | val_f1=0.9468
2026-05-04 19:47:03,807 - INFO - Best model updated. best_f1=0.9468
2026-05-04 19:52:27,248 - INFO - Epoch 16/30 | train_loss=0.1050 | val_loss=0.1429 | val_acc=0.9517 | val_f1=0.9435
2026-05-04 19:57:54,871 - INFO - Epoch 17/30 | train_loss=0.1026 | val_loss=0.1239 | val_acc=0.9557 | val_f1=0.9480
2026-05-04 19:57:54,912 - INFO - Best model updated. best_f1=0.9480
2026-05-04 20:03:22,536 - INFO - Epoch 18/30 | train_loss=0.1022 | val_loss=0.1311 | val_acc=0.9542 | val_f1=0.9461
2026-05-04 20:08:50,223 - INFO - Epoch 19/30 | train_loss=0.1018 | val_loss=0.1129 | val_acc=0.9588 | val_f1=0.9520
2026-05-04 20:08:50,271 - INFO - Best model updated. best_f1=0.9520
2026-05-04 20:14:18,099 - INFO - Epoch 20/30 | train_loss=0.1007 | val_loss=0.1205 | val_acc=0.9564 | val_f1=0.9492
2026-05-04 20:19:44,905 - INFO - Epoch 21/30 | train_loss=0.0838 | val_loss=0.1105 | val_acc=0.9604 | val_f1=0.9534
2026-05-04 20:19:44,952 - INFO - Best model updated. best_f1=0.9534
2026-05-04 20:25:22,669 - INFO - Epoch 22/30 | train_loss=0.0816 | val_loss=0.1044 | val_acc=0.9632 | val_f1=0.9570
2026-05-04 20:25:22,710 - INFO - Best model updated. best_f1=0.9570
2026-05-04 20:30:50,483 - INFO - Epoch 23/30 | train_loss=0.0805 | val_loss=0.1083 | val_acc=0.9612 | val_f1=0.9543
2026-05-04 20:36:18,023 - INFO - Epoch 24/30 | train_loss=0.0803 | val_loss=0.1047 | val_acc=0.9609 | val_f1=0.9541
2026-05-04 20:41:46,392 - INFO - Epoch 25/30 | train_loss=0.0784 | val_loss=0.1167 | val_acc=0.9605 | val_f1=0.9542
2026-05-04 20:47:13,952 - INFO - Epoch 26/30 | train_loss=0.0784 | val_loss=0.1050 | val_acc=0.9629 | val_f1=0.9567
2026-05-04 20:52:44,762 - INFO - Epoch 27/30 | train_loss=0.0772 | val_loss=0.1093 | val_acc=0.9608 | val_f1=0.9543
2026-05-04 20:58:14,503 - INFO - Epoch 28/30 | train_loss=0.0767 | val_loss=0.1079 | val_acc=0.9606 | val_f1=0.9539
2026-05-04 21:03:50,650 - INFO - Epoch 29/30 | train_loss=0.0774 | val_loss=0.1013 | val_acc=0.9638 | val_f1=0.9575
2026-05-04 21:03:50,689 - INFO - Best model updated. best_f1=0.9575
2026-05-04 21:09:26,163 - INFO - Epoch 30/30 | train_loss=0.0755 | val_loss=0.1114 | val_acc=0.9609 | val_f1=0.9539
2026-05-04 21:09:26,887 - INFO - Training curves saved to: checkpoints/seq_only_nope\plots\training_curves.png
2026-05-04 21:09:26,887 - INFO - train_losses: [0.7218138957965586, 0.2821477363359937, 0.2333680999265385, 0.21087828855758112, 0.19614735307659223, 0.18509396197705064, 0.17248531672101014, 0.16702178452987573, 0.15882181770581658, 0.1538997060183458, 0.11786389981522058, 0.11433679761949073, 0.11068298753620115, 0.10747369396864365, 0.10707964547722562, 0.10503653312934018, 0.10255458436052556, 0.10222881514190037, 0.1018018010205387, 0.10073279977139638, 0.08384773269231525, 0.08163211656030173, 0.08049749697738194, 0.080348495809414, 0.07843685349531872, 0.0783723446031505, 0.0771924270381517, 0.07670887235364804, 0.07738888020265482, 0.07546976990190576]
2026-05-04 21:09:26,887 - INFO - val_losses: [0.32133500303121076, 0.32265049055974104, 0.22130903201043192, 0.20686182292757763, 0.20492141839877392, 0.17696750653664478, 0.2010875092325732, 0.16545328716202898, 0.1446825211104523, 0.18543253925846268, 0.12481877677377715, 0.12782866521893205, 0.14827261822885257, 0.13613193235127255, 0.1255255953326123, 0.1429334924243643, 0.12385200701099044, 0.1311182360324957, 0.11289644122456148, 0.12048282953022378, 0.11050484892643646, 0.10443747070045437, 0.10831294394809811, 0.10469785541855607, 0.11667587737263925, 0.10500434689129341, 0.10927252567882534, 0.10794799126279395, 0.10134708223119217, 0.11143261318946962]
2026-05-04 21:09:26,888 - INFO - val_accs: [0.8803888888888889, 0.8873333333333333, 0.9175555555555556, 0.9263333333333333, 0.9267777777777778, 0.9321111111111111, 0.9290555555555555, 0.9393888888888889, 0.9461666666666667, 0.9347777777777778, 0.9545555555555556, 0.9528888888888889, 0.9483888888888888, 0.9513333333333334, 0.9546111111111111, 0.9516666666666667, 0.9557222222222223, 0.9542222222222222, 0.9588333333333333, 0.9563888888888888, 0.9604444444444444, 0.9631666666666666, 0.9612222222222222, 0.9608888888888889, 0.9605, 0.9629444444444445, 0.9607777777777777, 0.9606111111111111, 0.9638333333333333, 0.9609444444444445]
