2026-04-04 18:58:06,400 - INFO - Using device: cuda
2026-04-04 18:58:06,407 - INFO - GPU name: NVIDIA GeForce RTX 3060 Laptop GPU
2026-04-04 18:58:06,407 - INFO - CUDA version: 11.8
2026-04-04 18:58:07,822 - INFO - Train samples: 60000
2026-04-04 18:58:07,822 - INFO - Val samples: 15000
2026-04-04 18:58:07,917 - INFO - Model device: cuda:0
2026-04-04 18:59:35,944 - INFO - Epoch 1/30 | train_loss=0.2397 | val_loss=11.7497 | val_acc=0.0000 | val_f1=0.0000
2026-04-04 18:59:36,003 - INFO - Best model updated. best_f1=0.0000
2026-04-04 19:01:05,579 - INFO - Epoch 2/30 | train_loss=0.0955 | val_loss=10.5509 | val_acc=0.0000 | val_f1=0.0000
2026-04-04 19:02:41,427 - INFO - Epoch 3/30 | train_loss=0.0800 | val_loss=12.2229 | val_acc=0.0000 | val_f1=0.0000
2026-04-04 19:04:20,458 - INFO - Epoch 4/30 | train_loss=0.0656 | val_loss=13.0123 | val_acc=0.0000 | val_f1=0.0000
2026-04-04 19:06:01,418 - INFO - Epoch 5/30 | train_loss=0.0579 | val_loss=13.7400 | val_acc=0.0000 | val_f1=0.0000
2026-04-04 19:07:44,242 - INFO - Epoch 6/30 | train_loss=0.0520 | val_loss=12.4577 | val_acc=0.0000 | val_f1=0.0000
2026-04-04 19:09:27,348 - INFO - Epoch 7/30 | train_loss=0.0480 | val_loss=11.9682 | val_acc=0.0000 | val_f1=0.0000
2026-04-04 19:11:09,034 - INFO - Epoch 8/30 | train_loss=0.0448 | val_loss=12.8712 | val_acc=0.0000 | val_f1=0.0000
2026-04-04 19:12:50,189 - INFO - Epoch 9/30 | train_loss=0.0402 | val_loss=13.0344 | val_acc=0.0000 | val_f1=0.0000
2026-04-04 19:12:50,213 - INFO - Early stopping triggered.
2026-04-04 19:12:56,069 - INFO - Using device: cuda
2026-04-04 19:12:56,080 - INFO - GPU name: NVIDIA GeForce RTX 3060 Laptop GPU
2026-04-04 19:12:56,080 - INFO - CUDA version: 11.8
2026-04-04 19:12:58,168 - INFO - Train samples: 62999
2026-04-04 19:12:58,168 - INFO - Val samples: 13500
2026-04-04 19:12:58,276 - INFO - Model device: cuda:0
2026-04-04 19:13:01,579 - INFO - Resume training from epoch 9, best_f1=0.0
2026-04-04 19:15:15,375 - INFO - Using device: cuda
2026-04-04 19:15:15,382 - INFO - GPU name: NVIDIA GeForce RTX 3060 Laptop GPU
2026-04-04 19:15:15,382 - INFO - CUDA version: 11.8
2026-04-04 19:15:17,006 - INFO - Train samples: 62999
2026-04-04 19:15:17,006 - INFO - Val samples: 13500
2026-04-04 19:15:17,105 - INFO - Model device: cuda:0
2026-04-04 19:15:19,987 - INFO - Resume training from epoch 9, best_f1=0.0
2026-04-04 19:32:14,198 - INFO - Using device: cuda
2026-04-04 19:32:14,205 - INFO - GPU name: NVIDIA GeForce RTX 3060 Laptop GPU
2026-04-04 19:32:14,205 - INFO - CUDA version: 11.8
2026-04-04 19:32:16,214 - INFO - Train samples: 84000
2026-04-04 19:32:16,214 - INFO - Val samples: 18000
2026-04-04 19:32:16,306 - INFO - Model device: cuda:0
2026-04-04 19:34:19,761 - INFO - Epoch 1/30 | train_loss=0.3440 | val_loss=0.1177 | val_acc=0.9500 | val_f1=0.9388
2026-04-04 19:34:19,817 - INFO - Best model updated. best_f1=0.9388
2026-04-04 19:36:27,049 - INFO - Epoch 2/30 | train_loss=0.0961 | val_loss=0.1013 | val_acc=0.9601 | val_f1=0.9522
2026-04-04 19:36:27,097 - INFO - Best model updated. best_f1=0.9522
2026-04-04 19:38:40,660 - INFO - Epoch 3/30 | train_loss=0.0735 | val_loss=0.0615 | val_acc=0.9762 | val_f1=0.9712
2026-04-04 19:38:40,712 - INFO - Best model updated. best_f1=0.9712
2026-04-04 19:41:00,625 - INFO - Epoch 4/30 | train_loss=0.0620 | val_loss=0.0444 | val_acc=0.9804 | val_f1=0.9768
2026-04-04 19:41:00,675 - INFO - Best model updated. best_f1=0.9768
2026-04-04 19:43:18,024 - INFO - Epoch 5/30 | train_loss=0.0563 | val_loss=0.0652 | val_acc=0.9743 | val_f1=0.9686
2026-04-04 19:45:30,561 - INFO - Epoch 6/30 | train_loss=0.0480 | val_loss=0.0354 | val_acc=0.9863 | val_f1=0.9836
2026-04-04 19:45:30,621 - INFO - Best model updated. best_f1=0.9836
2026-04-04 19:47:41,902 - INFO - Epoch 7/30 | train_loss=0.0474 | val_loss=0.0576 | val_acc=0.9791 | val_f1=0.9754
2026-04-04 19:49:48,221 - INFO - Epoch 8/30 | train_loss=0.0425 | val_loss=0.0324 | val_acc=0.9863 | val_f1=0.9837
2026-04-04 19:49:48,272 - INFO - Best model updated. best_f1=0.9837
2026-04-04 19:52:02,523 - INFO - Epoch 9/30 | train_loss=0.0404 | val_loss=0.0428 | val_acc=0.9849 | val_f1=0.9818
2026-04-04 19:54:39,693 - INFO - Epoch 10/30 | train_loss=0.0388 | val_loss=0.0290 | val_acc=0.9881 | val_f1=0.9856
2026-04-04 19:54:39,754 - INFO - Best model updated. best_f1=0.9856
2026-04-04 19:56:58,634 - INFO - Epoch 11/30 | train_loss=0.0276 | val_loss=0.0263 | val_acc=0.9892 | val_f1=0.9870
2026-04-04 19:56:58,695 - INFO - Best model updated. best_f1=0.9870
2026-04-04 19:59:06,747 - INFO - Epoch 12/30 | train_loss=0.0256 | val_loss=0.0244 | val_acc=0.9908 | val_f1=0.9891
2026-04-04 19:59:06,798 - INFO - Best model updated. best_f1=0.9891
2026-04-04 20:01:10,641 - INFO - Epoch 13/30 | train_loss=0.0243 | val_loss=0.0235 | val_acc=0.9907 | val_f1=0.9889
2026-04-04 20:03:15,795 - INFO - Epoch 14/30 | train_loss=0.0238 | val_loss=0.0230 | val_acc=0.9911 | val_f1=0.9894
2026-04-04 20:03:15,856 - INFO - Best model updated. best_f1=0.9894
2026-04-04 20:05:19,447 - INFO - Epoch 15/30 | train_loss=0.0227 | val_loss=0.0233 | val_acc=0.9902 | val_f1=0.9883
2026-04-04 20:07:23,788 - INFO - Epoch 16/30 | train_loss=0.0225 | val_loss=0.0215 | val_acc=0.9913 | val_f1=0.9896
2026-04-04 20:07:23,837 - INFO - Best model updated. best_f1=0.9896
2026-04-04 20:09:34,554 - INFO - Epoch 17/30 | train_loss=0.0217 | val_loss=0.0237 | val_acc=0.9912 | val_f1=0.9895
2026-04-04 20:11:55,570 - INFO - Epoch 18/30 | train_loss=0.0219 | val_loss=0.0211 | val_acc=0.9919 | val_f1=0.9903
2026-04-04 20:11:55,618 - INFO - Best model updated. best_f1=0.9903
2026-04-04 20:14:20,259 - INFO - Epoch 19/30 | train_loss=0.0213 | val_loss=0.0194 | val_acc=0.9930 | val_f1=0.9916
2026-04-04 20:14:20,309 - INFO - Best model updated. best_f1=0.9916
2026-04-04 20:16:44,495 - INFO - Epoch 20/30 | train_loss=0.0211 | val_loss=0.0289 | val_acc=0.9907 | val_f1=0.9889
2026-04-04 20:19:10,467 - INFO - Epoch 21/30 | train_loss=0.0165 | val_loss=0.0195 | val_acc=0.9936 | val_f1=0.9923
2026-04-04 20:19:10,524 - INFO - Best model updated. best_f1=0.9923
2026-04-04 20:21:27,288 - INFO - Epoch 22/30 | train_loss=0.0162 | val_loss=0.0179 | val_acc=0.9931 | val_f1=0.9917
2026-04-04 20:23:46,160 - INFO - Epoch 23/30 | train_loss=0.0156 | val_loss=0.0189 | val_acc=0.9932 | val_f1=0.9919
2026-04-04 20:26:10,574 - INFO - Epoch 24/30 | train_loss=0.0155 | val_loss=0.0179 | val_acc=0.9934 | val_f1=0.9921
2026-04-04 20:28:34,168 - INFO - Epoch 25/30 | train_loss=0.0151 | val_loss=0.0201 | val_acc=0.9933 | val_f1=0.9921
2026-04-04 20:31:02,355 - INFO - Epoch 26/30 | train_loss=0.0152 | val_loss=0.0189 | val_acc=0.9935 | val_f1=0.9923
2026-04-04 20:33:29,330 - INFO - Epoch 27/30 | train_loss=0.0152 | val_loss=0.0199 | val_acc=0.9938 | val_f1=0.9925
2026-04-04 20:33:29,389 - INFO - Best model updated. best_f1=0.9925
2026-04-04 20:35:59,391 - INFO - Epoch 28/30 | train_loss=0.0150 | val_loss=0.0210 | val_acc=0.9926 | val_f1=0.9911
2026-04-04 20:38:32,570 - INFO - Epoch 29/30 | train_loss=0.0151 | val_loss=0.0192 | val_acc=0.9937 | val_f1=0.9925
2026-04-04 20:41:03,830 - INFO - Epoch 30/30 | train_loss=0.0149 | val_loss=0.0275 | val_acc=0.9919 | val_f1=0.9903
2026-04-04 21:44:32,002 - INFO - Using device: cuda
2026-04-04 21:44:32,009 - INFO - GPU name: NVIDIA GeForce RTX 3060 Laptop GPU
2026-04-04 21:44:32,009 - INFO - CUDA version: 11.8
2026-04-04 21:44:34,016 - INFO - Train samples: 84000
2026-04-04 21:44:34,016 - INFO - Val samples: 18000
2026-04-04 21:44:34,153 - INFO - Model device: cuda:0
2026-04-04 21:44:37,279 - INFO - Resuming from checkpoint: checkpoints\latest.pt
2026-04-04 21:44:37,324 - INFO - Resume start_epoch=31, best_f1=0.0000
2026-04-04 21:44:37,880 - INFO - Training curves saved to: checkpoints\plots\training_curves.png
2026-04-04 21:44:37,880 - INFO - train_losses: []
2026-04-04 21:44:37,880 - INFO - val_losses: []
2026-04-04 21:44:37,880 - INFO - val_accs: []
2026-04-04 21:48:20,142 - INFO - Using device: cuda
2026-04-04 21:48:20,149 - INFO - GPU name: NVIDIA GeForce RTX 3060 Laptop GPU
2026-04-04 21:48:20,149 - INFO - CUDA version: 11.8
2026-04-04 21:48:22,168 - INFO - Train samples: 84000
2026-04-04 21:48:22,168 - INFO - Val samples: 18000
2026-04-04 21:48:22,296 - INFO - Model device: cuda:0
2026-04-04 21:48:25,004 - INFO - Resuming from checkpoint: checkpoints\latest.pt
2026-04-04 21:48:25,044 - INFO - Resume start_epoch=31, best_f1=0.0000
2026-04-04 21:48:25,510 - INFO - Training curves saved to: checkpoints\plots\training_curves.png
2026-04-04 21:48:25,511 - INFO - train_losses: []
2026-04-04 21:48:25,511 - INFO - val_losses: []
2026-04-04 21:48:25,511 - INFO - val_accs: []
2026-04-20 20:06:03,676 - INFO - Using device: cuda
2026-04-20 20:06:03,685 - INFO - GPU name: NVIDIA GeForce RTX 3060 Laptop GPU
2026-04-20 20:06:03,685 - INFO - CUDA version: 11.8
2026-04-20 20:06:05,770 - INFO - Train samples: 84000
2026-04-20 20:06:05,770 - INFO - Val samples: 18000
2026-04-20 20:06:05,909 - INFO - Model device: cuda:0
2026-04-20 20:08:08,874 - INFO - Epoch 1/30 | train_loss=0.3842 | val_loss=0.1063 | val_acc=0.9565 | val_f1=0.9453
2026-04-20 20:08:08,929 - INFO - Best model updated. best_f1=0.9453
2026-04-20 20:10:16,719 - INFO - Epoch 2/30 | train_loss=0.1064 | val_loss=0.0829 | val_acc=0.9609 | val_f1=0.9546
2026-04-20 20:10:16,774 - INFO - Best model updated. best_f1=0.9546
2026-04-20 20:12:44,737 - INFO - Epoch 3/30 | train_loss=0.0877 | val_loss=0.1157 | val_acc=0.9543 | val_f1=0.9453
2026-04-20 20:15:25,399 - INFO - Epoch 4/30 | train_loss=0.0749 | val_loss=0.0566 | val_acc=0.9748 | val_f1=0.9701
2026-04-20 20:15:25,464 - INFO - Best model updated. best_f1=0.9701
2026-04-20 20:17:49,490 - INFO - Epoch 5/30 | train_loss=0.0681 | val_loss=0.0543 | val_acc=0.9773 | val_f1=0.9721
2026-04-20 20:17:49,548 - INFO - Best model updated. best_f1=0.9721
2026-04-20 20:20:17,641 - INFO - Epoch 6/30 | train_loss=0.0633 | val_loss=0.0513 | val_acc=0.9790 | val_f1=0.9747
2026-04-20 20:20:17,702 - INFO - Best model updated. best_f1=0.9747
2026-04-20 20:22:44,684 - INFO - Epoch 7/30 | train_loss=0.0580 | val_loss=0.0491 | val_acc=0.9781 | val_f1=0.9735
2026-04-20 20:25:20,537 - INFO - Epoch 8/30 | train_loss=0.0527 | val_loss=0.0420 | val_acc=0.9827 | val_f1=0.9791
2026-04-20 20:25:20,593 - INFO - Best model updated. best_f1=0.9791
2026-04-20 20:27:56,408 - INFO - Epoch 9/30 | train_loss=0.0477 | val_loss=0.0437 | val_acc=0.9809 | val_f1=0.9772
2026-04-20 20:30:31,347 - INFO - Epoch 10/30 | train_loss=0.0463 | val_loss=0.0457 | val_acc=0.9815 | val_f1=0.9776
2026-04-20 20:32:58,676 - INFO - Epoch 11/30 | train_loss=0.0333 | val_loss=0.0296 | val_acc=0.9874 | val_f1=0.9849
2026-04-20 20:32:58,733 - INFO - Best model updated. best_f1=0.9849
2026-04-20 20:35:29,023 - INFO - Epoch 12/30 | train_loss=0.0313 | val_loss=0.0320 | val_acc=0.9874 | val_f1=0.9850
2026-04-20 20:35:29,085 - INFO - Best model updated. best_f1=0.9850
2026-04-20 20:37:59,519 - INFO - Epoch 13/30 | train_loss=0.0292 | val_loss=0.0303 | val_acc=0.9871 | val_f1=0.9846
2026-04-20 20:40:36,459 - INFO - Epoch 14/30 | train_loss=0.0290 | val_loss=0.0291 | val_acc=0.9885 | val_f1=0.9863
2026-04-20 20:40:36,519 - INFO - Best model updated. best_f1=0.9863
2026-04-20 20:43:14,370 - INFO - Epoch 15/30 | train_loss=0.0281 | val_loss=0.0300 | val_acc=0.9877 | val_f1=0.9853
2026-04-20 20:45:50,873 - INFO - Epoch 16/30 | train_loss=0.0275 | val_loss=0.0321 | val_acc=0.9874 | val_f1=0.9850
2026-04-20 20:48:27,484 - INFO - Epoch 17/30 | train_loss=0.0271 | val_loss=0.0262 | val_acc=0.9892 | val_f1=0.9871
2026-04-20 20:48:27,540 - INFO - Best model updated. best_f1=0.9871
2026-04-20 20:51:08,696 - INFO - Epoch 18/30 | train_loss=0.0264 | val_loss=0.0278 | val_acc=0.9887 | val_f1=0.9866
2026-04-20 20:53:44,623 - INFO - Epoch 19/30 | train_loss=0.0263 | val_loss=0.0319 | val_acc=0.9874 | val_f1=0.9850
2026-04-20 20:56:14,665 - INFO - Epoch 20/30 | train_loss=0.0251 | val_loss=0.0315 | val_acc=0.9874 | val_f1=0.9849
2026-04-20 20:58:48,387 - INFO - Epoch 21/30 | train_loss=0.0198 | val_loss=0.0270 | val_acc=0.9909 | val_f1=0.9892
2026-04-20 20:58:48,442 - INFO - Best model updated. best_f1=0.9892
2026-04-20 21:01:21,284 - INFO - Epoch 22/30 | train_loss=0.0193 | val_loss=0.0245 | val_acc=0.9914 | val_f1=0.9897
2026-04-20 21:01:21,348 - INFO - Best model updated. best_f1=0.9897
2026-04-20 21:04:03,287 - INFO - Epoch 23/30 | train_loss=0.0184 | val_loss=0.0288 | val_acc=0.9892 | val_f1=0.9871
2026-04-20 21:06:37,072 - INFO - Epoch 24/30 | train_loss=0.0177 | val_loss=0.0235 | val_acc=0.9913 | val_f1=0.9896
2026-04-20 21:09:15,760 - INFO - Epoch 25/30 | train_loss=0.0178 | val_loss=0.0228 | val_acc=0.9916 | val_f1=0.9900
2026-04-20 21:09:15,826 - INFO - Best model updated. best_f1=0.9900
2026-04-20 21:12:00,510 - INFO - Epoch 26/30 | train_loss=0.0176 | val_loss=0.0258 | val_acc=0.9903 | val_f1=0.9884
2026-04-20 21:14:41,643 - INFO - Epoch 27/30 | train_loss=0.0170 | val_loss=0.0236 | val_acc=0.9919 | val_f1=0.9903
2026-04-20 21:14:41,701 - INFO - Best model updated. best_f1=0.9903
2026-04-20 21:17:18,046 - INFO - Epoch 28/30 | train_loss=0.0163 | val_loss=0.0228 | val_acc=0.9927 | val_f1=0.9913
2026-04-20 21:17:18,104 - INFO - Best model updated. best_f1=0.9913
2026-04-20 21:19:53,503 - INFO - Epoch 29/30 | train_loss=0.0165 | val_loss=0.0234 | val_acc=0.9920 | val_f1=0.9904
2026-04-20 21:22:40,457 - INFO - Epoch 30/30 | train_loss=0.0162 | val_loss=0.0221 | val_acc=0.9926 | val_f1=0.9911
2026-04-20 21:22:41,649 - INFO - Training curves saved to: checkpoints\plots\training_curves.png
2026-04-20 21:22:41,650 - INFO - train_losses: [0.38418342765172325, 0.10638327435084752, 0.0877057985152517, 0.07492355826355163, 0.06806621210348038, 0.06330421505087898, 0.057981645115784235, 0.05268280585323061, 0.04765872798931031, 0.04634402508820806, 0.03327941097390084, 0.031305347820123036, 0.029247769746042433, 0.028954638442822866, 0.028103902074552718, 0.027454577858958926, 0.027098093308153607, 0.026385878301802137, 0.026252666182461238, 0.02507068720459938, 0.01978301606433732, 0.019261670308453695, 0.018420670574619658, 0.017726506342490515, 0.017784826101291746, 0.017623380284933817, 0.01696884502825283, 0.016322068371943065, 0.01649613792555673, 0.016186376587266012]
2026-04-20 21:22:41,650 - INFO - val_losses: [0.10628177041324993, 0.08285330023385176, 0.11567255176815928, 0.05656084958595167, 0.054284716297814964, 0.0512873682542987, 0.04905111408901535, 0.04202222583029046, 0.04373955411897057, 0.045718724223431005, 0.029639687728092314, 0.03197278558795733, 0.030252936083405076, 0.029055674147599346, 0.030043339460930536, 0.032123298539185066, 0.02616284634386587, 0.027822031545039864, 0.03192666784039587, 0.031547509866275504, 0.026967857622293295, 0.024491879337162473, 0.028818028476129662, 0.023499994304619676, 0.022797260719725577, 0.025809713594958237, 0.023599848175929056, 0.02284247541036206, 0.02337521012827387, 0.022058775853460246]
2026-04-20 21:22:41,650 - INFO - val_accs: [0.9565, 0.9609444444444445, 0.9543333333333334, 0.9748333333333333, 0.9772777777777778, 0.979, 0.9781111111111112, 0.9826666666666667, 0.9809444444444444, 0.9815, 0.9874444444444445, 0.9873888888888889, 0.9871111111111112, 0.9885, 0.9877222222222222, 0.9874444444444445, 0.9891666666666666, 0.9887222222222222, 0.9874444444444445, 0.9874444444444445, 0.9909444444444444, 0.9913888888888889, 0.9892222222222222, 0.9912777777777778, 0.9916111111111111, 0.9903333333333333, 0.9919444444444444, 0.9927222222222222, 0.992, 0.9925555555555555]
2026-05-03 16:05:10,149 - INFO - Using device: cuda
2026-05-03 16:05:10,157 - INFO - GPU name: NVIDIA GeForce RTX 3060 Laptop GPU
2026-05-03 16:05:10,158 - INFO - CUDA version: 11.8
2026-05-03 16:05:12,911 - INFO - Train samples: 84000
2026-05-03 16:05:12,911 - INFO - Val samples: 18000
2026-05-03 16:05:13,034 - INFO - Model device: cuda:0
2026-05-03 16:05:13,035 - INFO - Experiment mode: dual
2026-05-03 16:05:13,035 - INFO - Fusion type: concat
2026-05-03 16:05:13,035 - INFO - Use positional encoding: True
2026-05-03 16:05:16,461 - INFO - Resuming from checkpoint: checkpoints\latest.pt
2026-05-03 16:05:16,498 - INFO - Resume start_epoch=30, best_f1=0.9913
2026-05-03 16:05:17,246 - INFO - Training curves saved to: checkpoints\plots\training_curves.png
2026-05-03 16:05:17,246 - INFO - train_losses: [0.38418342765172325, 0.10638327435084752, 0.0877057985152517, 0.07492355826355163, 0.06806621210348038, 0.06330421505087898, 0.057981645115784235, 0.05268280585323061, 0.04765872798931031, 0.04634402508820806, 0.03327941097390084, 0.031305347820123036, 0.029247769746042433, 0.028954638442822866, 0.028103902074552718, 0.027454577858958926, 0.027098093308153607, 0.026385878301802137, 0.026252666182461238, 0.02507068720459938, 0.01978301606433732, 0.019261670308453695, 0.018420670574619658, 0.017726506342490515, 0.017784826101291746, 0.017623380284933817, 0.01696884502825283, 0.016322068371943065, 0.01649613792555673, 0.016186376587266012]
2026-05-03 16:05:17,247 - INFO - val_losses: [0.10628177041324993, 0.08285330023385176, 0.11567255176815928, 0.05656084958595167, 0.054284716297814964, 0.0512873682542987, 0.04905111408901535, 0.04202222583029046, 0.04373955411897057, 0.045718724223431005, 0.029639687728092314, 0.03197278558795733, 0.030252936083405076, 0.029055674147599346, 0.030043339460930536, 0.032123298539185066, 0.02616284634386587, 0.027822031545039864, 0.03192666784039587, 0.031547509866275504, 0.026967857622293295, 0.024491879337162473, 0.028818028476129662, 0.023499994304619676, 0.022797260719725577, 0.025809713594958237, 0.023599848175929056, 0.02284247541036206, 0.02337521012827387, 0.022058775853460246]
2026-05-03 16:05:17,247 - INFO - val_accs: [0.9565, 0.9609444444444445, 0.9543333333333334, 0.9748333333333333, 0.9772777777777778, 0.979, 0.9781111111111112, 0.9826666666666667, 0.9809444444444444, 0.9815, 0.9874444444444445, 0.9873888888888889, 0.9871111111111112, 0.9885, 0.9877222222222222, 0.9874444444444445, 0.9891666666666666, 0.9887222222222222, 0.9874444444444445, 0.9874444444444445, 0.9909444444444444, 0.9913888888888889, 0.9892222222222222, 0.9912777777777778, 0.9916111111111111, 0.9903333333333333, 0.9919444444444444, 0.9927222222222222, 0.992, 0.9925555555555555]
